# JRE version: Java(TM) SE Runtime Environment (7.0_72-b14) (build 1.7.0_72-b14)
# Java VM: Java HotSpot(TM) 64-Bit Server VM (24.72-b04 mixed mode linux-amd64 compressed oops)
Heap
 PSYoungGen      total 35840K, used 1008K [0x00000000eaa80000, 0x00000000ece80000, 0x0000000100000000)
  eden space 34816K, 0% used [0x00000000eaa80000,0x00000000eaa80000,0x00000000ecc80000)
  from space 1024K, 98% used [0x00000000ecc80000,0x00000000ecd7c358,0x00000000ecd80000)
  to   space 1024K, 0% used [0x00000000ecd80000,0x00000000ecd80000,0x00000000ece80000)
 ParOldGen       total 20480K, used 14000K [0x00000000c0000000, 0x00000000c1400000, 0x00000000eaa80000)
  object space 20480K, 68% used [0x00000000c0000000,0x00000000c0dac050,0x00000000c1400000)
 PSPermGen       total 21504K, used 5575K [0x00000000bae00000, 0x00000000bc300000, 0x00000000c0000000)
  object space 21504K, 25% used [0x00000000bae00000,0x00000000bb371ed8,0x00000000bc300000)
GC Heap History (9 events):
Event: 2.979 GC heap before
{Heap before GC invocations=1 (full 0):
 PSYoungGen      total 9728K, used 8704K [0x00000000eaa80000, 0x00000000eb500000, 0x0000000100000000)
  eden space 8704K, 100% used [0x00000000eaa80000,0x00000000eb300000,0x00000000eb300000)
  from space 1024K, 0% used [0x00000000eb400000,0x00000000eb400000,0x00000000eb500000)
  to   space 1024K, 0% used [0x00000000eb300000,0x00000000eb300000,0x00000000eb400000)
 ParOldGen       total 20480K, used 0K [0x00000000c0000000, 0x00000000c1400000, 0x00000000eaa80000)
  object space 20480K, 0% used [0x00000000c0000000,0x00000000c0000000,0x00000000c1400000)
 PSPermGen       total 21504K, used 5159K [0x00000000bae00000, 0x00000000bc300000, 0x00000000c0000000)
  object space 21504K, 23% used [0x00000000bae00000,0x00000000bb309ec8,0x00000000bc300000)
Event: 3.014 GC heap after
Heap after GC invocations=1 (full 0):
 PSYoungGen      total 9728K, used 1002K [0x00000000eaa80000, 0x00000000ebd80000, 0x0000000100000000)
  eden space 8704K, 0% used [0x00000000eaa80000,0x00000000eaa80000,0x00000000eb300000)
  from space 1024K, 97% used [0x00000000eb300000,0x00000000eb3faaa8,0x00000000eb400000)
  to   space 1024K, 0% used [0x00000000ebc80000,0x00000000ebc80000,0x00000000ebd80000)
 ParOldGen       total 20480K, used 1951K [0x00000000c0000000, 0x00000000c1400000, 0x00000000eaa80000)
  object space 20480K, 9% used [0x00000000c0000000,0x00000000c01e7ee0,0x00000000c1400000)
 PSPermGen       total 21504K, used 5159K [0x00000000bae00000, 0x00000000bc300000, 0x00000000c0000000)
  object space 21504K, 23% used [0x00000000bae00000,0x00000000bb309ec8,0x00000000bc300000)
}
Event: 3.932 GC heap before
{Heap before GC invocations=2 (full 0):
 PSYoungGen      total 9728K, used 9706K [0x00000000eaa80000, 0x00000000ebd80000, 0x0000000100000000)
  eden space 8704K, 100% used [0x00000000eaa80000,0x00000000eb300000,0x00000000eb300000)
  from space 1024K, 97% used [0x00000000eb300000,0x00000000eb3faaa8,0x00000000eb400000)
  to   space 1024K, 0% used [0x00000000ebc80000,0x00000000ebc80000,0x00000000ebd80000)
 ParOldGen       total 20480K, used 1951K [0x00000000c0000000, 0x00000000c1400000, 0x00000000eaa80000)
  object space 20480K, 9% used [0x00000000c0000000,0x00000000c01e7ee0,0x00000000c1400000)
 PSPermGen       total 21504K, used 5317K [0x00000000bae00000, 0x00000000bc300000, 0x00000000c0000000)
  object space 21504K, 24% used [0x00000000bae00000,0x00000000bb3317d0,0x00000000bc300000)
Event: 3.944 GC heap after
Heap after GC invocations=2 (full 0):
 PSYoungGen      total 18432K, used 1008K [0x00000000eaa80000, 0x00000000ebd80000, 0x0000000100000000)
  eden space 17408K, 0% used [0x00000000eaa80000,0x00000000eaa80000,0x00000000ebb80000)
  from space 1024K, 98% used [0x00000000ebc80000,0x00000000ebd7c010,0x00000000ebd80000)
  to   space 1024K, 0% used [0x00000000ebb80000,0x00000000ebb80000,0x00000000ebc80000)
 ParOldGen       total 20480K, used 3150K [0x00000000c0000000, 0x00000000c1400000, 0x00000000eaa80000)
  object space 20480K, 15% used [0x00000000c0000000,0x00000000c0313b28,0x00000000c1400000)
 PSPermGen       total 21504K, used 5317K [0x00000000bae00000, 0x00000000bc300000, 0x00000000c0000000)
  object space 21504K, 24% used [0x00000000bae00000,0x00000000bb3317d0,0x00000000bc300000)
}
Event: 5.692 GC heap before
{Heap before GC invocations=3 (full 0):
 PSYoungGen      total 18432K, used 18416K [0x00000000eaa80000, 0x00000000ebd80000, 0x0000000100000000)
  eden space 17408K, 100% used [0x00000000eaa80000,0x00000000ebb80000,0x00000000ebb80000)
  from space 1024K, 98% used [0x00000000ebc80000,0x00000000ebd7c010,0x00000000ebd80000)
  to   space 1024K, 0% used [0x00000000ebb80000,0x00000000ebb80000,0x00000000ebc80000)
 ParOldGen       total 20480K, used 3150K [0x00000000c0000000, 0x00000000c1400000, 0x00000000eaa80000)
  object space 20480K, 15% used [0x00000000c0000000,0x00000000c0313b28,0x00000000c1400000)
 PSPermGen       total 21504K, used 5490K [0x00000000bae00000, 0x00000000bc300000, 0x00000000c0000000)
  object space 21504K, 25% used [0x00000000bae00000,0x00000000bb35cb48,0x00000000bc300000)
Event: 5.717 GC heap after
Heap after GC invocations=3 (full 0):
 PSYoungGen      total 18432K, used 1013K [0x00000000eaa80000, 0x00000000ece80000, 0x0000000100000000)
  eden space 17408K, 0% used [0x00000000eaa80000,0x00000000eaa80000,0x00000000ebb80000)
  from space 1024K, 98% used [0x00000000ebb80000,0x00000000ebc7d468,0x00000000ebc80000)
  to   space 1024K, 0% used [0x00000000ecd80000,0x00000000ecd80000,0x00000000ece80000)
 ParOldGen       total 20480K, used 5936K [0x00000000c0000000, 0x00000000c1400000, 0x00000000eaa80000)
  object space 20480K, 28% used [0x00000000c0000000,0x00000000c05cc320,0x00000000c1400000)
 PSPermGen       total 21504K, used 5490K [0x00000000bae00000, 0x00000000bc300000, 0x00000000c0000000)
  object space 21504K, 25% used [0x00000000bae00000,0x00000000bb35cb48,0x00000000bc300000)
}
Event: 7.273 GC heap before
{Heap before GC invocations=4 (full 0):
 PSYoungGen      total 18432K, used 18421K [0x00000000eaa80000, 0x00000000ece80000, 0x0000000100000000)
  eden space 17408K, 100% used [0x00000000eaa80000,0x00000000ebb80000,0x00000000ebb80000)
  from space 1024K, 98% used [0x00000000ebb80000,0x00000000ebc7d468,0x00000000ebc80000)
  to   space 1024K, 0% used [0x00000000ecd80000,0x00000000ecd80000,0x00000000ece80000)
 ParOldGen       total 20480K, used 5936K [0x00000000c0000000, 0x00000000c1400000, 0x00000000eaa80000)
  object space 20480K, 28% used [0x00000000c0000000,0x00000000c05cc320,0x00000000c1400000)
 PSPermGen       total 21504K, used 5532K [0x00000000bae00000, 0x00000000bc300000, 0x00000000c0000000)
  object space 21504K, 25% used [0x00000000bae00000,0x00000000bb367390,0x00000000bc300000)
Event: 7.405 GC heap after
Heap after GC invocations=4 (full 0):
 PSYoungGen      total 35840K, used 1008K [0x00000000eaa80000, 0x00000000ece80000, 0x0000000100000000)
  eden space 34816K, 0% used [0x00000000eaa80000,0x00000000eaa80000,0x00000000ecc80000)
  from space 1024K, 98% used [0x00000000ecd80000,0x00000000ece7c010,0x00000000ece80000)
  to   space 1024K, 0% used [0x00000000ecc80000,0x00000000ecc80000,0x00000000ecd80000)
 ParOldGen       total 20480K, used 8404K [0x00000000c0000000, 0x00000000c1400000, 0x00000000eaa80000)
  object space 20480K, 41% used [0x00000000c0000000,0x00000000c08351c8,0x00000000c1400000)
 PSPermGen       total 21504K, used 5532K [0x00000000bae00000, 0x00000000bc300000, 0x00000000c0000000)
  object space 21504K, 25% used [0x00000000bae00000,0x00000000bb367390,0x00000000bc300000)
}
Event: 9.996 GC heap before
{Heap before GC invocations=5 (full 0):
 PSYoungGen      total 35840K, used 35824K [0x00000000eaa80000, 0x00000000ece80000, 0x0000000100000000)
  eden space 34816K, 100% used [0x00000000eaa80000,0x00000000ecc80000,0x00000000ecc80000)
  from space 1024K, 98% used [0x00000000ecd80000,0x00000000ece7c010,0x00000000ece80000)
  to   space 1024K, 0% used [0x00000000ecc80000,0x00000000ecc80000,0x00000000ecd80000)
 ParOldGen       total 20480K, used 8404K [0x00000000c0000000, 0x00000000c1400000, 0x00000000eaa80000)
  object space 20480K, 41% used [0x00000000c0000000,0x00000000c08351c8,0x00000000c1400000)
 PSPermGen       total 21504K, used 5575K [0x00000000bae00000, 0x00000000bc300000, 0x00000000c0000000)
  object space 21504K, 25% used [0x00000000bae00000,0x00000000bb371ed8,0x00000000bc300000)

